# JRE version: OpenJDK Runtime Environment (14.0.2+12) (build 14.0.2+12-Ubuntu-120.04)
# Java VM: OpenJDK 64-Bit Server VM (14.0.2+12-Ubuntu-120.04, mixed mode, sharing, tiered, compressed oops, g1 gc, linux-amd64)
Heap:
 garbage-first heap   total 208896K, used 116155K [0x0000000707600000, 0x0000000800000000)
  region size 1024K, 76 young (77824K), 9 survivors (9216K)
 Metaspace       used 74070K, capacity 76415K, committed 76660K, reserved 1116160K
  class space    used 10146K, capacity 11031K, committed 11084K, reserved 1048576K
GC Heap History (20 events):
Event: 9.178 GC heap before
{Heap before GC invocations=19 (full 0):
 garbage-first heap   total 116736K, used 93548K [0x0000000707600000, 0x0000000800000000)
  region size 1024K, 68 young (69632K), 5 survivors (5120K)
 Metaspace       used 42417K, capacity 43850K, committed 44060K, reserved 1087488K
  class space    used 5725K, capacity 6268K, committed 6272K, reserved 1048576K
}
Event: 9.192 GC heap after
{Heap after GC invocations=20 (full 0):
 garbage-first heap   total 155648K, used 30221K [0x0000000707600000, 0x0000000800000000)
  region size 1024K, 6 young (6144K), 6 survivors (6144K)
 Metaspace       used 42417K, capacity 43850K, committed 44060K, reserved 1087488K
  class space    used 5725K, capacity 6268K, committed 6272K, reserved 1048576K
}
Event: 9.872 GC heap before
{Heap before GC invocations=20 (full 0):
 garbage-first heap   total 155648K, used 117261K [0x0000000707600000, 0x0000000800000000)
  region size 1024K, 91 young (93184K), 6 survivors (6144K)
 Metaspace       used 47834K, capacity 49422K, committed 49692K, reserved 1091584K
  class space    used 6448K, capacity 7037K, committed 7040K, reserved 1048576K
}
Event: 9.891 GC heap after
{Heap after GC invocations=21 (full 0):
 garbage-first heap   total 155648K, used 33906K [0x0000000707600000, 0x0000000800000000)
  region size 1024K, 10 young (10240K), 10 survivors (10240K)
 Metaspace       used 47834K, capacity 49422K, committed 49692K, reserved 1091584K
  class space    used 6448K, capacity 7037K, committed 7040K, reserved 1048576K
}
Event: 10.498 GC heap before
{Heap before GC invocations=21 (full 0):
 garbage-first heap   total 155648K, used 116850K [0x0000000707600000, 0x0000000800000000)
  region size 1024K, 91 young (93184K), 10 survivors (10240K)
 Metaspace       used 49509K, capacity 51161K, committed 51484K, reserved 1093632K
  class space    used 6677K, capacity 7274K, committed 7296K, reserved 1048576K
}
Event: 10.518 GC heap after
{Heap after GC invocations=22 (full 0):
 garbage-first heap   total 155648K, used 37365K [0x0000000707600000, 0x0000000800000000)
  region size 1024K, 9 young (9216K), 9 survivors (9216K)
 Metaspace       used 49509K, capacity 51161K, committed 51484K, reserved 1093632K
  class space    used 6677K, capacity 7274K, committed 7296K, reserved 1048576K
}
Event: 11.098 GC heap before
{Heap before GC invocations=22 (full 0):
 garbage-first heap   total 155648K, used 121333K [0x0000000707600000, 0x0000000800000000)
  region size 1024K, 91 young (93184K), 9 survivors (9216K)
 Metaspace       used 50958K, capacity 52671K, committed 53148K, reserved 1095680K
  class space    used 6903K, capacity 7563K, committed 7680K, reserved 1048576K
}
Event: 11.115 GC heap after
{Heap after GC invocations=23 (full 0):
 garbage-first heap   total 155648K, used 39295K [0x0000000707600000, 0x0000000800000000)
  region size 1024K, 9 young (9216K), 9 survivors (9216K)
 Metaspace       used 50958K, capacity 52671K, committed 53148K, reserved 1095680K
  class space    used 6903K, capacity 7563K, committed 7680K, reserved 1048576K
}
Event: 11.588 GC heap before
{Heap before GC invocations=23 (full 0):
 garbage-first heap   total 155648K, used 123263K [0x0000000707600000, 0x0000000800000000)
  region size 1024K, 91 young (93184K), 9 survivors (9216K)
 Metaspace       used 53155K, capacity 54886K, committed 55068K, reserved 1095680K
  class space    used 7317K, capacity 7963K, committed 8064K, reserved 1048576K
}
Event: 11.608 GC heap after
{Heap after GC invocations=24 (full 0):
 garbage-first heap   total 187392K, used 41391K [0x0000000707600000, 0x0000000800000000)
  region size 1024K, 8 young (8192K), 8 survivors (8192K)
 Metaspace       used 53155K, capacity 54886K, committed 55068K, reserved 1095680K
  class space    used 7317K, capacity 7963K, committed 8064K, reserved 1048576K
}
Event: 12.103 GC heap before
{Heap before GC invocations=24 (full 0):
 garbage-first heap   total 187392K, used 144815K [0x0000000707600000, 0x0000000800000000)
  region size 1024K, 109 young (111616K), 8 survivors (8192K)
 Metaspace       used 56691K, capacity 58567K, committed 58652K, reserved 1099776K
  class space    used 7846K, capacity 8547K, committed 8576K, reserved 1048576K
}
Event: 12.131 GC heap after
{Heap after GC invocations=25 (full 0):
 garbage-first heap   total 187392K, used 43032K [0x0000000707600000, 0x0000000800000000)
  region size 1024K, 9 young (9216K), 9 survivors (9216K)
 Metaspace       used 56691K, capacity 58567K, committed 58652K, reserved 1099776K
  class space    used 7846K, capacity 8547K, committed 8576K, reserved 1048576K
}
Event: 12.591 GC heap before
{Heap before GC invocations=25 (full 0):
 garbage-first heap   total 187392K, used 145432K [0x0000000707600000, 0x0000000800000000)
  region size 1024K, 109 young (111616K), 9 survivors (9216K)
 Metaspace       used 58982K, capacity 60936K, committed 61084K, reserved 1101824K
  class space    used 8171K, capacity 8904K, committed 8960K, reserved 1048576K
}
Event: 12.642 GC heap after
{Heap after GC invocations=26 (full 0):
 garbage-first heap   total 187392K, used 44854K [0x0000000707600000, 0x0000000800000000)
  region size 1024K, 9 young (9216K), 9 survivors (9216K)
 Metaspace       used 58982K, capacity 60936K, committed 61084K, reserved 1101824K
  class space    used 8171K, capacity 8904K, committed 8960K, reserved 1048576K
}
Event: 13.450 GC heap before
{Heap before GC invocations=26 (full 0):
 garbage-first heap   total 187392K, used 146230K [0x0000000707600000, 0x0000000800000000)
  region size 1024K, 109 young (111616K), 9 survivors (9216K)
 Metaspace       used 61307K, capacity 63439K, committed 63516K, reserved 1103872K
  class space    used 8509K, capacity 9327K, committed 9344K, reserved 1048576K
}
Event: 13.467 GC heap after
{Heap after GC invocations=27 (full 0):
 garbage-first heap   total 187392K, used 47104K [0x0000000707600000, 0x0000000800000000)
  region size 1024K, 9 young (9216K), 9 survivors (9216K)
 Metaspace       used 61307K, capacity 63439K, committed 63516K, reserved 1103872K
  class space    used 8509K, capacity 9327K, committed 9344K, reserved 1048576K
}
Event: 13.514 GC heap before
{Heap before GC invocations=27 (full 0):
 garbage-first heap   total 187392K, used 58368K [0x0000000707600000, 0x0000000800000000)
  region size 1024K, 21 young (21504K), 9 survivors (9216K)
 Metaspace       used 62161K, capacity 64271K, committed 64412K, reserved 1103872K
  class space    used 8585K, capacity 9391K, committed 9472K, reserved 1048576K
}
Event: 13.529 GC heap after
{Heap after GC invocations=28 (full 0):
 garbage-first heap   total 269312K, used 47322K [0x0000000707600000, 0x0000000800000000)
  region size 1024K, 7 young (7168K), 7 survivors (7168K)
 Metaspace       used 62161K, capacity 64271K, committed 64412K, reserved 1103872K
  class space    used 8585K, capacity 9391K, committed 9472K, reserved 1048576K
}
Event: 14.150 GC heap before
{Heap before GC invocations=29 (full 0):
 garbage-first heap   total 215040K, used 168154K [0x0000000707600000, 0x0000000800000000)
  region size 1024K, 126 young (129024K), 7 survivors (7168K)
 Metaspace       used 69801K, capacity 71972K, committed 72436K, reserved 1112064K
  class space    used 9590K, capacity 10400K, committed 10444K, reserved 1048576K
}
Event: 14.167 GC heap after
{Heap after GC invocations=30 (full 0):
 garbage-first heap   total 215040K, used 49595K [0x0000000707600000, 0x0000000800000000)
  region size 1024K, 9 young (9216K), 9 survivors (9216K)
 Metaspace       used 69801K, capacity 71972K, committed 72436K, reserved 1112064K
  class space    used 9590K, capacity 10400K, committed 10444K, reserved 1048576K
}

